<?xml version="1.0" encoding="UTF-8"?>
<testng-results skipped="0" failed="0" total="2" passed="2">
  <reporter-output>
  </reporter-output>
  <suite name="Suite" duration-ms="95708" started-at="2018-12-16T05:31:53Z" finished-at="2018-12-16T05:33:28Z">
    <groups>
      <group name="cucumber">
        <method signature="AbstractTestNGCucumberTests.feature(cucumber.api.testng.CucumberFeatureWrapper)[pri:0, instance:runner.Runner@1936f0f5]" name="feature" class="cucumber.api.testng.AbstractTestNGCucumberTests"/>
        <method signature="AbstractTestNGCucumberTests.feature(cucumber.api.testng.CucumberFeatureWrapper)[pri:0, instance:runner.Runner2@5cc7c2a6]" name="feature" class="cucumber.api.testng.AbstractTestNGCucumberTests"/>
      </group> <!-- cucumber -->
    </groups>
    <test name="Test" duration-ms="50017" started-at="2018-12-16T05:31:53Z" finished-at="2018-12-16T05:32:43Z">
      <class name="runner.Runner">
        <test-method status="PASS" signature="setUpClass()[pri:0, instance:runner.Runner@1936f0f5]" name="setUpClass" is-config="true" duration-ms="1216" started-at="2018-12-16T11:01:53Z" finished-at="2018-12-16T11:01:54Z">
          <reporter-output>
          </reporter-output>
        </test-method> <!-- setUpClass -->
        <test-method status="PASS" signature="feature(cucumber.api.testng.CucumberFeatureWrapper)[pri:0, instance:runner.Runner@1936f0f5]" name="feature" duration-ms="48395" started-at="2018-12-16T11:01:54Z" description="Runs Cucumber Feature" data-provider="features" finished-at="2018-12-16T11:02:43Z">
          <params>
            <param index="0">
              <value>
                <![CDATA[Google Search]]>
              </value>
            </param>
          </params>
          <reporter-output>
          </reporter-output>
        </test-method> <!-- feature -->
        <test-method status="PASS" signature="tearDownClass()[pri:0, instance:runner.Runner@1936f0f5]" name="tearDownClass" is-config="true" duration-ms="0" started-at="2018-12-16T11:02:43Z" finished-at="2018-12-16T11:02:43Z">
          <reporter-output>
          </reporter-output>
        </test-method> <!-- tearDownClass -->
      </class> <!-- runner.Runner -->
    </test> <!-- Test -->
    <test name="Test2" duration-ms="45362" started-at="2018-12-16T05:32:43Z" finished-at="2018-12-16T05:33:28Z">
      <class name="runner.Runner2">
        <test-method status="PASS" signature="setUpClass()[pri:0, instance:runner.Runner2@5cc7c2a6]" name="setUpClass" is-config="true" duration-ms="47" started-at="2018-12-16T11:02:43Z" finished-at="2018-12-16T11:02:43Z">
          <reporter-output>
          </reporter-output>
        </test-method> <!-- setUpClass -->
        <test-method status="PASS" signature="feature(cucumber.api.testng.CucumberFeatureWrapper)[pri:0, instance:runner.Runner2@5cc7c2a6]" name="feature" duration-ms="45315" started-at="2018-12-16T11:02:43Z" description="Runs Cucumber Feature" data-provider="features" finished-at="2018-12-16T11:03:28Z">
          <params>
            <param index="0">
              <value>
                <![CDATA[Google Search]]>
              </value>
            </param>
          </params>
          <reporter-output>
          </reporter-output>
        </test-method> <!-- feature -->
        <test-method status="PASS" signature="tearDownClass()[pri:0, instance:runner.Runner2@5cc7c2a6]" name="tearDownClass" is-config="true" duration-ms="0" started-at="2018-12-16T11:03:28Z" finished-at="2018-12-16T11:03:28Z">
          <reporter-output>
          </reporter-output>
        </test-method> <!-- tearDownClass -->
      </class> <!-- runner.Runner2 -->
    </test> <!-- Test2 -->
  </suite> <!-- Suite -->
</testng-results>
