<?xml version="1.0" encoding="UTF-8"?>
<testng-results skipped="0" failed="0" total="2" passed="2">
  <reporter-output>
  </reporter-output>
  <suite name="Suite" duration-ms="24200" started-at="2018-12-15T10:16:13Z" finished-at="2018-12-15T10:16:37Z">
    <groups>
      <group name="cucumber">
        <method signature="AbstractTestNGCucumberTests.feature(cucumber.api.testng.CucumberFeatureWrapper)[pri:0, instance:runner.Runner@8bd1b6a]" name="feature" class="cucumber.api.testng.AbstractTestNGCucumberTests"/>
        <method signature="AbstractTestNGCucumberTests.feature(cucumber.api.testng.CucumberFeatureWrapper)[pri:0, instance:runner.Runner2@7d9d1a19]" name="feature" class="cucumber.api.testng.AbstractTestNGCucumberTests"/>
      </group> <!-- cucumber -->
    </groups>
    <test name="Test" duration-ms="11077" started-at="2018-12-15T10:16:13Z" finished-at="2018-12-15T10:16:24Z">
      <class name="runner.Runner">
        <test-method status="PASS" signature="setUpClass()[pri:0, instance:runner.Runner@8bd1b6a]" name="setUpClass" is-config="true" duration-ms="260" started-at="2018-12-15T15:46:13Z" finished-at="2018-12-15T15:46:13Z">
          <reporter-output>
          </reporter-output>
        </test-method> <!-- setUpClass -->
        <test-method status="PASS" signature="feature(cucumber.api.testng.CucumberFeatureWrapper)[pri:0, instance:runner.Runner@8bd1b6a]" name="feature" duration-ms="10708" started-at="2018-12-15T15:46:13Z" description="Runs Cucumber Feature" data-provider="features" finished-at="2018-12-15T15:46:24Z">
          <params>
            <param index="0">
              <value>
                <![CDATA[Google Search]]>
              </value>
            </param>
          </params>
          <reporter-output>
          </reporter-output>
        </test-method> <!-- feature -->
        <test-method status="PASS" signature="tearDownClass()[pri:0, instance:runner.Runner@8bd1b6a]" name="tearDownClass" is-config="true" duration-ms="0" started-at="2018-12-15T15:46:24Z" finished-at="2018-12-15T15:46:24Z">
          <reporter-output>
          </reporter-output>
        </test-method> <!-- tearDownClass -->
      </class> <!-- runner.Runner -->
    </test> <!-- Test -->
    <test name="Test2" duration-ms="13074" started-at="2018-12-15T10:16:24Z" finished-at="2018-12-15T10:16:37Z">
      <class name="runner.Runner2">
        <test-method status="PASS" signature="setUpClass()[pri:0, instance:runner.Runner2@7d9d1a19]" name="setUpClass" is-config="true" duration-ms="49" started-at="2018-12-15T15:46:24Z" finished-at="2018-12-15T15:46:24Z">
          <reporter-output>
          </reporter-output>
        </test-method> <!-- setUpClass -->
        <test-method status="PASS" signature="feature(cucumber.api.testng.CucumberFeatureWrapper)[pri:0, instance:runner.Runner2@7d9d1a19]" name="feature" duration-ms="13003" started-at="2018-12-15T15:46:24Z" description="Runs Cucumber Feature" data-provider="features" finished-at="2018-12-15T15:46:37Z">
          <params>
            <param index="0">
              <value>
                <![CDATA[Google Search]]>
              </value>
            </param>
          </params>
          <reporter-output>
          </reporter-output>
        </test-method> <!-- feature -->
        <test-method status="PASS" signature="tearDownClass()[pri:0, instance:runner.Runner2@7d9d1a19]" name="tearDownClass" is-config="true" duration-ms="0" started-at="2018-12-15T15:46:37Z" finished-at="2018-12-15T15:46:37Z">
          <reporter-output>
          </reporter-output>
        </test-method> <!-- tearDownClass -->
      </class> <!-- runner.Runner2 -->
    </test> <!-- Test2 -->
  </suite> <!-- Suite -->
</testng-results>
